2023-12-11 21:36:26,851 INFO Start polling
2023-12-11 21:36:27,863 INFO Run polling for bot @skelbiu_suintos_bot id=6873191639 - 'skelbiu.lt'
2023-12-11 21:36:32,871 INFO Update id=392100543 is handled. Duration 94 ms by bot id=6873191639
2023-12-11 21:36:33,633 INFO Update id=392100544 is handled. Duration 93 ms by bot id=6873191639
2023-12-11 21:36:34,224 INFO Update id=392100545 is handled. Duration 0 ms by bot id=6873191639
2023-12-11 21:36:34,744 INFO Update id=392100546 is handled. Duration 109 ms by bot id=6873191639
2023-12-11 21:36:34,987 INFO Update id=392100547 is handled. Duration 15 ms by bot id=6873191639
2023-12-11 21:36:35,377 INFO Update id=392100548 is handled. Duration 15 ms by bot id=6873191639
2023-12-11 21:36:35,741 INFO Update id=392100549 is handled. Duration 0 ms by bot id=6873191639
2023-12-11 21:36:36,155 INFO Update id=392100550 is handled. Duration 16 ms by bot id=6873191639
2023-12-11 21:36:36,917 INFO Update id=392100551 is handled. Duration 16 ms by bot id=6873191639
2023-12-11 21:36:37,259 INFO Update id=392100552 is handled. Duration 0 ms by bot id=6873191639
2023-12-11 21:36:37,639 INFO Update id=392100553 is handled. Duration 14 ms by bot id=6873191639
2023-12-11 21:36:38,022 INFO Update id=392100554 is handled. Duration 0 ms by bot id=6873191639
2023-12-11 21:36:38,392 INFO Update id=392100555 is handled. Duration 14 ms by bot id=6873191639
2023-12-11 21:36:38,393 INFO Update id=392100556 is handled. Duration 14 ms by bot id=6873191639
2023-12-11 21:36:38,911 INFO Update id=392100557 is handled. Duration 0 ms by bot id=6873191639
2023-12-11 21:36:39,272 INFO Update id=392100558 is handled. Duration 14 ms by bot id=6873191639
2023-12-11 21:36:39,272 INFO Update id=392100559 is handled. Duration 0 ms by bot id=6873191639
2023-12-11 21:36:40,171 INFO Update id=392100560 is handled. Duration 14 ms by bot id=6873191639
2023-12-11 21:36:41,036 INFO Update id=392100561 is handled. Duration 0 ms by bot id=6873191639
2023-12-11 21:36:41,444 INFO Update id=392100562 is handled. Duration 77 ms by bot id=6873191639
2023-12-11 21:36:41,445 INFO Update id=392100563 is handled. Duration 77 ms by bot id=6873191639
2023-12-11 21:36:41,445 INFO Update id=392100564 is handled. Duration 77 ms by bot id=6873191639
2023-12-11 21:36:41,682 INFO Update id=392100565 is handled. Duration 0 ms by bot id=6873191639
2023-12-11 21:36:42,024 INFO Update id=392100566 is handled. Duration 14 ms by bot id=6873191639
2023-12-11 21:36:42,348 INFO Update id=392100567 is handled. Duration 0 ms by bot id=6873191639
2023-12-11 21:36:42,349 INFO Update id=392100568 is handled. Duration 0 ms by bot id=6873191639
2023-12-11 21:36:42,706 INFO Update id=392100569 is handled. Duration 15 ms by bot id=6873191639
2023-12-11 21:36:43,021 INFO Update id=392100570 is handled. Duration 0 ms by bot id=6873191639
2023-12-11 21:36:43,022 INFO Update id=392100571 is handled. Duration 0 ms by bot id=6873191639
2023-12-11 21:36:43,363 INFO Update id=392100572 is handled. Duration 0 ms by bot id=6873191639
2023-12-11 21:36:43,705 INFO Update id=392100573 is handled. Duration 0 ms by bot id=6873191639
2023-12-11 21:36:43,988 INFO Update id=392100574 is handled. Duration 0 ms by bot id=6873191639
2023-12-11 21:36:43,989 INFO Update id=392100575 is handled. Duration 0 ms by bot id=6873191639
2023-12-11 21:36:58,267 INFO Update id=392100576 is handled. Duration 1061 ms by bot id=6873191639
2023-12-11 21:37:19,356 INFO Update id=392100577 is handled. Duration 1172 ms by bot id=6873191639
2023-12-11 21:37:22,134 INFO Update id=392100578 is handled. Duration 1063 ms by bot id=6873191639
2023-12-11 21:37:30,327 INFO Update id=392100579 is handled. Duration 563 ms by bot id=6873191639
2023-12-11 21:37:34,134 INFO Update id=392100580 is handled. Duration 735 ms by bot id=6873191639
2023-12-11 21:37:43,354 INFO Update id=392100581 is handled. Duration 531 ms by bot id=6873191639
2023-12-11 21:37:46,412 INFO Update id=392100582 is handled. Duration 672 ms by bot id=6873191639
2023-12-11 21:37:52,057 INFO Update id=392100583 is handled. Duration 484 ms by bot id=6873191639
2023-12-11 21:37:55,462 INFO Update id=392100584 is handled. Duration 843 ms by bot id=6873191639
2023-12-11 21:37:57,677 INFO Update id=392100585 is handled. Duration 656 ms by bot id=6873191639
2023-12-11 21:38:06,020 INFO Update id=392100586 is not handled. Duration 452 ms by bot id=6873191639
2023-12-11 21:38:06,021 ERROR Cause exception while process update id=392100586 by bot id=6873191639
TypeError: BotDB.new_keyword() missing 1 required positional argument: 'city'
Traceback (most recent call last):
  File "C:\Users\Sulf\AppData\Roaming\Python\Python311\site-packages\aiogram\dispatcher\dispatcher.py", line 309, in _process_update
    response = await self.feed_update(bot, update, **kwargs)
               ^^^^^^^^^^^^^^^^^^^^^^^^^^^^^^^^^^^^^^^^^^^^^
  File "C:\Users\Sulf\AppData\Roaming\Python\Python311\site-packages\aiogram\dispatcher\dispatcher.py", line 158, in feed_update
    response = await self.update.wrap_outer_middleware(
               ^^^^^^^^^^^^^^^^^^^^^^^^^^^^^^^^^^^^^^^^
  File "C:\Users\Sulf\AppData\Roaming\Python\Python311\site-packages\aiogram\dispatcher\middlewares\error.py", line 25, in __call__
    return await handler(event, data)
           ^^^^^^^^^^^^^^^^^^^^^^^^^^
  File "C:\Users\Sulf\AppData\Roaming\Python\Python311\site-packages\aiogram\dispatcher\middlewares\user_context.py", line 27, in __call__
    return await handler(event, data)
           ^^^^^^^^^^^^^^^^^^^^^^^^^^
  File "C:\Users\Sulf\AppData\Roaming\Python\Python311\site-packages\aiogram\fsm\middleware.py", line 41, in __call__
    return await handler(event, data)
           ^^^^^^^^^^^^^^^^^^^^^^^^^^
  File "C:\Users\Sulf\AppData\Roaming\Python\Python311\site-packages\aiogram\dispatcher\event\telegram.py", line 121, in trigger
    return await wrapped_inner(event, kwargs)
           ^^^^^^^^^^^^^^^^^^^^^^^^^^^^^^^^^^
  File "C:\Users\Sulf\AppData\Roaming\Python\Python311\site-packages\aiogram\dispatcher\event\handler.py", line 43, in call
    return await wrapped()
           ^^^^^^^^^^^^^^^
  File "C:\Users\Sulf\AppData\Roaming\Python\Python311\site-packages\aiogram\dispatcher\dispatcher.py", line 276, in _listen_update
    return await self.propagate_event(update_type=update_type, event=event, **kwargs)
           ^^^^^^^^^^^^^^^^^^^^^^^^^^^^^^^^^^^^^^^^^^^^^^^^^^^^^^^^^^^^^^^^^^^^^^^^^^
  File "C:\Users\Sulf\AppData\Roaming\Python\Python311\site-packages\aiogram\dispatcher\router.py", line 116, in propagate_event
    return await observer.wrap_outer_middleware(_wrapped, event=event, data=kwargs)
           ^^^^^^^^^^^^^^^^^^^^^^^^^^^^^^^^^^^^^^^^^^^^^^^^^^^^^^^^^^^^^^^^^^^^^^^^
  File "C:\Users\Sulf\AppData\Roaming\Python\Python311\site-packages\aiogram\dispatcher\router.py", line 111, in _wrapped
    return await self._propagate_event(
           ^^^^^^^^^^^^^^^^^^^^^^^^^^^^
  File "C:\Users\Sulf\AppData\Roaming\Python\Python311\site-packages\aiogram\dispatcher\router.py", line 144, in _propagate_event
    response = await router.propagate_event(update_type=update_type, event=event, **kwargs)
               ^^^^^^^^^^^^^^^^^^^^^^^^^^^^^^^^^^^^^^^^^^^^^^^^^^^^^^^^^^^^^^^^^^^^^^^^^^^^
  File "C:\Users\Sulf\AppData\Roaming\Python\Python311\site-packages\aiogram\dispatcher\router.py", line 116, in propagate_event
    return await observer.wrap_outer_middleware(_wrapped, event=event, data=kwargs)
           ^^^^^^^^^^^^^^^^^^^^^^^^^^^^^^^^^^^^^^^^^^^^^^^^^^^^^^^^^^^^^^^^^^^^^^^^
  File "C:\Users\Sulf\AppData\Roaming\Python\Python311\site-packages\aiogram\dispatcher\router.py", line 111, in _wrapped
    return await self._propagate_event(
           ^^^^^^^^^^^^^^^^^^^^^^^^^^^^
  File "C:\Users\Sulf\AppData\Roaming\Python\Python311\site-packages\aiogram\dispatcher\router.py", line 136, in _propagate_event
    response = await observer.trigger(event, **kwargs)
               ^^^^^^^^^^^^^^^^^^^^^^^^^^^^^^^^^^^^^^^
  File "C:\Users\Sulf\AppData\Roaming\Python\Python311\site-packages\aiogram\dispatcher\event\telegram.py", line 121, in trigger
    return await wrapped_inner(event, kwargs)
           ^^^^^^^^^^^^^^^^^^^^^^^^^^^^^^^^^^
  File "C:\Users\Sulf\AppData\Roaming\Python\Python311\site-packages\aiogram\dispatcher\event\handler.py", line 43, in call
    return await wrapped()
           ^^^^^^^^^^^^^^^
  File "c:\Users\Sulf\Desktop\работа\skelbui\handlers\keyword.py", line 82, in suc_new_keyword
    answer = db.new_keyword(word=data["kw_name"], category=data["kw_category"], under_category=data["kw_suc"])
             ^^^^^^^^^^^^^^^^^^^^^^^^^^^^^^^^^^^^^^^^^^^^^^^^^^^^^^^^^^^^^^^^^^^^^^^^^^^^^^^^^^^^^^^^^^^^^^^^^
TypeError: BotDB.new_keyword() missing 1 required positional argument: 'city'
2023-12-11 21:38:12,080 INFO Polling stopped
2023-12-11 21:38:12,353 INFO Polling stopped for bot @skelbiu_suintos_bot id=6873191639 - 'skelbiu.lt'
