2023-12-16 21:14:51,537 INFO get ad
2023-12-16 21:15:06,761 INFO get ad
2023-12-16 21:15:25,420 INFO get ad
2023-12-16 21:15:25,420 INFO Star2023-12-16 21:22:29,516 INFO Polling stopped
2023-12-16 21:22:29,788 INFO Polling stopped for bot @skelbiu_suintos_bot id=6873191639 - 'skelbiu.lt'
2023-12-16 21:16:28,882 INFO get ad
2023-12-16 21:16:44,597 INFO get ad
2023-12-16 21:16:59,555 INFO get ad
2023-12-16 21:16:59,555 INFO Start
2023-12-16 21:17:14,484 INFO get ad
2023-12-16 21:17:22,718 ERROR EROR IN PROC LINK
2023-12-16 21:17:45,460 INFO get ad
2023-12-16 21:18:00,389 INFO get ad
2023-12-16 21:18:14,945 INFO get ad
2023-12-16 21:18:14,946 INFO Start
2023-12-16 21:19:24,080 ERROR EROR IN PROC LINK
2023-12-16 21:19:46,531 INFO get ad
2023-12-16 21:20:27,257 INFO pagination
2023-12-16 21:20:28,683 INFO get ad
2023-12-16 21:21:32,621 INFO pagination
2023-12-16 21:21:34,020 INFO pagination
2023-12-16 21:21:35,416 INFO pagination
2023-12-16 21:21:36,782 INFO get ad
2023-12-16 21:21:36,782 INFO Start
2023-12-16 21:22:08,451 INFO pagination
2023-12-16 21:22:09,845 INFO get ad
2023-12-16 21:22:30,037 INFO EROR SELECTOR PROC
